<?xml version="1.0" encoding="UTF-8"?>
<testsuite xmlns:xsi="http://www.w3.org/2001/XMLSchema-instance" xsi:noNamespaceSchemaLocation="https://maven.apache.org/surefire/maven-surefire-plugin/xsd/surefire-test-report-3.0.xsd" version="3.0" name="runners.RunnerClass" time="63.001" tests="6" errors="0" skipped="0" failures="0">
  <properties>
[...]
</properties>
  <testcase name="Invalid User Login #1" classname="Admin User Login for HRMS Application" time="12.041">
    <system-out><![CDATA[
@invalidUserLogin
Scenario Outline: Invalid User Login                                           # src/test/resources/features/Login.feature:18
  When user enters "admin" and "wwwwwwww" and verify the "Invalid credentials" # steps.LoginSteps.user_enters_and_and_verify_the(java.lang.String,java.lang.String,java.lang.String)
  Then user clicks on login button                                             # steps.LoginSteps.user_clicks_on_login_button()
  And error message is displayed                                               # steps.LoginSteps.error_message_is_displayed()

    Embedding Invalid User Login [image/png 254029 bytes]

]]></system-out>
    <system-err><![CDATA[SLF4J: Failed to load class "org.slf4j.impl.StaticLoggerBinder".
SLF4J: Defaulting to no-operation (NOP) logger implementation
SLF4J: See http://www.slf4j.org/codes.html#StaticLoggerBinder for further details.
ERROR StatusLogger Log4j2 could not find a logging implementation. Please add log4j-core to the classpath. Using SimpleLogger to log to the console...
Starting ChromeDriver 114.0.5735.90 (386bc09e8f4f2e025eddae123f36f6263096ae49-refs/branch-heads/5735@{#1052}) on port 10623
Only local connections are allowed.
Please see https://chromedriver.chromium.org/security-considerations for suggestions on keeping ChromeDriver safe.
ChromeDriver was started successfully.
Jul 16, 2023 7:43:01 PM org.openqa.selenium.devtools.CdpVersionFinder findNearestMatch
WARNING: Unable to find an exact match for CDP version 114, so returning the closest version found: 111
log4j:WARN No appenders could be found for logger (utils.Log).
log4j:WARN Please initialize the log4j system properly.
log4j:WARN See http://logging.apache.org/log4j/1.2/faq.html#noconfig for more info.
]]></system-err>
  </testcase>
  <testcase name="Invalid User Login #2" classname="Admin User Login for HRMS Application" time="9.794">
    <system-out><![CDATA[
@invalidUserLogin
Scenario Outline: Invalid User Login                                                 # src/test/resources/features/Login.feature:19
  When user enters "wwwwwwww" and "Hum@nhrm123" and verify the "Invalid credentials" # steps.LoginSteps.user_enters_and_and_verify_the(java.lang.String,java.lang.String,java.lang.String)
  Then user clicks on login button                                                   # steps.LoginSteps.user_clicks_on_login_button()
  And error message is displayed                                                     # steps.LoginSteps.error_message_is_displayed()

    Embedding Invalid User Login [image/png 254029 bytes]

]]></system-out>
    <system-err><![CDATA[Starting ChromeDriver 114.0.5735.90 (386bc09e8f4f2e025eddae123f36f6263096ae49-refs/branch-heads/5735@{#1052}) on port 14114
Only local connections are allowed.
Please see https://chromedriver.chromium.org/security-considerations for suggestions on keeping ChromeDriver safe.
ChromeDriver was started successfully.
Jul 16, 2023 7:43:11 PM org.openqa.selenium.devtools.CdpVersionFinder findNearestMatch
WARNING: Unable to find an exact match for CDP version 114, so returning the closest version found: 111
]]></system-err>
  </testcase>
  <testcase name="Invalid User Login #3" classname="Admin User Login for HRMS Application" time="9.579">
    <system-out><![CDATA[
@invalidUserLogin
Scenario Outline: Invalid User Login                                              # src/test/resources/features/Login.feature:20
  When user enters "" and "Hum@nhrm123" and verify the "Username cannot be empty" # steps.LoginSteps.user_enters_and_and_verify_the(java.lang.String,java.lang.String,java.lang.String)
  Then user clicks on login button                                                # steps.LoginSteps.user_clicks_on_login_button()
  And error message is displayed                                                  # steps.LoginSteps.error_message_is_displayed()

    Embedding Invalid User Login [image/png 249857 bytes]

]]></system-out>
    <system-err><![CDATA[Starting ChromeDriver 114.0.5735.90 (386bc09e8f4f2e025eddae123f36f6263096ae49-refs/branch-heads/5735@{#1052}) on port 48884
Only local connections are allowed.
Please see https://chromedriver.chromium.org/security-considerations for suggestions on keeping ChromeDriver safe.
ChromeDriver was started successfully.
Jul 16, 2023 7:43:21 PM org.openqa.selenium.devtools.CdpVersionFinder findNearestMatch
WARNING: Unable to find an exact match for CDP version 114, so returning the closest version found: 111
]]></system-err>
  </testcase>
  <testcase name="Invalid User Login #4" classname="Admin User Login for HRMS Application" time="11.722">
    <system-out><![CDATA[
@invalidUserLogin
Scenario Outline: Invalid User Login                                        # src/test/resources/features/Login.feature:21
  When user enters "admin" and "" and verify the "Password cannot be empty" # steps.LoginSteps.user_enters_and_and_verify_the(java.lang.String,java.lang.String,java.lang.String)
  Then user clicks on login button                                          # steps.LoginSteps.user_clicks_on_login_button()
  And error message is displayed                                            # steps.LoginSteps.error_message_is_displayed()

    Embedding Invalid User Login [image/png 251021 bytes]

]]></system-out>
    <system-err><![CDATA[Starting ChromeDriver 114.0.5735.90 (386bc09e8f4f2e025eddae123f36f6263096ae49-refs/branch-heads/5735@{#1052}) on port 16831
Only local connections are allowed.
Please see https://chromedriver.chromium.org/security-considerations for suggestions on keeping ChromeDriver safe.
ChromeDriver was started successfully.
Jul 16, 2023 7:43:30 PM org.openqa.selenium.devtools.CdpVersionFinder findNearestMatch
WARNING: Unable to find an exact match for CDP version 114, so returning the closest version found: 111
]]></system-err>
  </testcase>
  <testcase name="Invalid User Login #5" classname="Admin User Login for HRMS Application" time="9.265">
    <system-out><![CDATA[
@invalidUserLogin
Scenario Outline: Invalid User Login                                   # src/test/resources/features/Login.feature:22
  When user enters "" and "" and verify the "Username cannot be empty" # steps.LoginSteps.user_enters_and_and_verify_the(java.lang.String,java.lang.String,java.lang.String)
  Then user clicks on login button                                     # steps.LoginSteps.user_clicks_on_login_button()
  And error message is displayed                                       # steps.LoginSteps.error_message_is_displayed()

    Embedding Invalid User Login [image/png 249174 bytes]

]]></system-out>
    <system-err><![CDATA[Starting ChromeDriver 114.0.5735.90 (386bc09e8f4f2e025eddae123f36f6263096ae49-refs/branch-heads/5735@{#1052}) on port 1795
Only local connections are allowed.
Please see https://chromedriver.chromium.org/security-considerations for suggestions on keeping ChromeDriver safe.
ChromeDriver was started successfully.
Jul 16, 2023 7:43:42 PM org.openqa.selenium.devtools.CdpVersionFinder findNearestMatch
WARNING: Unable to find an exact match for CDP version 114, so returning the closest version found: 111
]]></system-err>
  </testcase>
  <testcase name="Invalid User Login #6" classname="Admin User Login for HRMS Application" time="9.688">
    <system-out><![CDATA[
@invalidUserLogin
Scenario Outline: Invalid User Login                                                 # src/test/resources/features/Login.feature:23
  When user enters "djhfgdjh" and "sdjhgfdjhfg" and verify the "Invalid credentials" # steps.LoginSteps.user_enters_and_and_verify_the(java.lang.String,java.lang.String,java.lang.String)
  Then user clicks on login button                                                   # steps.LoginSteps.user_clicks_on_login_button()
  And error message is displayed                                                     # steps.LoginSteps.error_message_is_displayed()

    Embedding Invalid User Login [image/png 254029 bytes]

]]></system-out>
    <system-err><![CDATA[Starting ChromeDriver 114.0.5735.90 (386bc09e8f4f2e025eddae123f36f6263096ae49-refs/branch-heads/5735@{#1052}) on port 29734
Only local connections are allowed.
Please see https://chromedriver.chromium.org/security-considerations for suggestions on keeping ChromeDriver safe.
ChromeDriver was started successfully.
Jul 16, 2023 7:43:51 PM org.openqa.selenium.devtools.CdpVersionFinder findNearestMatch
WARNING: Unable to find an exact match for CDP version 114, so returning the closest version found: 111
]]></system-err>
  </testcase>
</testsuite>